#
# A fatal error has been detected by the Java Runtime Environment:
#
#  EXCEPTION_ACCESS_VIOLATION (0xc0000005) at pc=0x000000006f1f8225, pid=15508, tid=13732
#
# JRE version: Java(TM) SE Runtime Environment (8.0_40-b26) (build 1.8.0_40-b26)
# Java VM: Java HotSpot(TM) 64-Bit Server VM (25.40-b25 mixed mode windows-amd64 compressed oops)
# Problematic frame:
# V  [jvm.dll+0x128225]
#
# Failed to write core dump. Minidumps are not enabled by default on client versions of Windows
#
# If you would like to submit a bug report, please visit:
#   http://bugreport.java.com/bugreport/crash.jsp
#

---------------  T H R E A D  ---------------

Current thread (0x000000001363f800):  JavaThread "JDWP Transport Listener: dt_socket" daemon [_thread_in_vm, id=13732, stack(0x0000000014cc0000,0x0000000014d40000)]

siginfo: ExceptionCode=0xc0000005, reading address 0x00003b003b746e65

Registers:
RAX=0x0000000014d3f701, RBX=0x000000001363f800, RCX=0x00003b003b746e65, RDX=0x0000000000000000
RSP=0x0000000014d3f6c0, RBP=0x00003b003b746e65, RSI=0x0000000014d3f7d8, RDI=0x000000000279c420
R8 =0x000000001363f800, R9 =0x0000000000000001, R10=0x0000000000008000, R11=0x0000000014d3f610
R12=0x0000000000000000, R13=0x0000000013649d18, R14=0x0000000000000000, R15=0x0000000000000000
RIP=0x000000006f1f8225, EFLAGS=0x0000000000010206

Top of Stack: (sp=0x0000000014d3f6c0)
0x0000000014d3f6c0:   000000001363f800 000000001363f800
0x0000000014d3f6d0:   0000000014d3f788 000000006f3fc6db
0x0000000014d3f6e0:   000000001363f800 000000006f418f3d
0x0000000014d3f6f0:   0000000000000075 000000006f069155
0x0000000014d3f700:   00000000158e1d48 000000006f07291e
0x0000000014d3f710:   000000001363f800 0000000000000000
0x0000000014d3f720:   0000000000000000 0000000000000000
0x0000000014d3f730:   00003b003b746e65 000000006f071a15
0x0000000014d3f740:   0000000014d3f7d8 0000000014d3f7b0
0x0000000014d3f750:   0000000000000001 00000000158e1d48
0x0000000014d3f760:   00003b003b746e65 000000006f0553b3
0x0000000014d3f770:   0000000014d3f8a0 0000000000000001
0x0000000014d3f780:   0000000000000001 00000000158e1d48
0x0000000014d3f790:   0000000000000001 0000000000000000
0x0000000014d3f7a0:   0000000000000000 0000000000000000
0x0000000014d3f7b0:   0000000000000001 000000006f055571 

Instructions: (pc=0x000000006f1f8225)
0x000000006f1f8205:   cc cc cc cc cc cc cc cc cc cc cc 48 83 ec 28 48
0x000000006f1f8215:   85 c9 75 07 33 c0 48 83 c4 28 c3 48 89 5c 24 20
0x000000006f1f8225:   48 8b 19 48 85 db 74 20 48 83 fb 37 74 1a 48 8b
0x000000006f1f8235:   13 48 8b cb ff 52 10 84 c0 74 0d 48 8b c3 48 8b 


Register to memory mapping:

RAX=0x0000000014d3f701 is pointing into the stack for thread: 0x000000001363f800
RBX=0x000000001363f800 is a thread
RCX=0x00003b003b746e65 is an unknown value
RDX=0x0000000000000000 is an unknown value
RSP=0x0000000014d3f6c0 is pointing into the stack for thread: 0x000000001363f800
RBP=0x00003b003b746e65 is an unknown value
RSI=0x0000000014d3f7d8 is pointing into the stack for thread: 0x000000001363f800
RDI=0x000000000279c420 is an unknown value
R8 =0x000000001363f800 is a thread
R9 =0x0000000000000001 is an unknown value
R10=0x0000000000008000 is an unknown value
R11=0x0000000014d3f610 is pointing into the stack for thread: 0x000000001363f800
R12=0x0000000000000000 is an unknown value
R13=0x0000000013649d18 is an unknown value
R14=0x0000000000000000 is an unknown value
R15=0x0000000000000000 is an unknown value


Stack: [0x0000000014cc0000,0x0000000014d40000],  sp=0x0000000014d3f6c0,  free space=509k
Native frames: (J=compiled Java code, j=interpreted, Vv=VM code, C=native code)
V  [jvm.dll+0x128225]
V  [jvm.dll+0x348f3d]
C  [jdwp.dll+0x21a15]
C  [jdwp.dll+0x53b3]
C  [jdwp.dll+0x5571]
C  [jdwp.dll+0xf0a8]
C  [jdwp.dll+0x1f2d5]
C  [jdwp.dll+0x1f4aa]
V  [jvm.dll+0x1bad48]
V  [jvm.dll+0x241914]
V  [jvm.dll+0x29848a]
C  [msvcr100.dll+0x21d9f]
C  [msvcr100.dll+0x21e3b]
C  [KERNEL32.DLL+0x17034]
C  [ntdll.dll+0x52651]


---------------  P R O C E S S  ---------------

Java Threads: ( => current thread )
  0x0000000016eee000 JavaThread "Gax-22" daemon [_thread_blocked, id=9504, stack(0x0000000015dc0000,0x0000000015e40000)]
  0x0000000016ef1000 JavaThread "Gax-21" daemon [_thread_blocked, id=8416, stack(0x0000000002670000,0x00000000026f0000)]
  0x0000000016eec000 JavaThread "Gax-20" daemon [_thread_blocked, id=16260, stack(0x0000000000a30000,0x0000000000ab0000)]
  0x0000000016eef800 JavaThread "http-nio-8080-Acceptor" daemon [_thread_in_native, id=14900, stack(0x000000001e220000,0x000000001e2a0000)]
  0x0000000016eeb800 JavaThread "http-nio-8080-Poller" daemon [_thread_in_native, id=15160, stack(0x000000001e1a0000,0x000000001e220000)]
  0x0000000016eea800 JavaThread "http-nio-8080-exec-10" daemon [_thread_blocked, id=13484, stack(0x000000001dea0000,0x000000001df20000)]
  0x0000000016ef0000 JavaThread "http-nio-8080-exec-9" daemon [_thread_blocked, id=8856, stack(0x000000001de20000,0x000000001dea0000)]
  0x000000001b680800 JavaThread "http-nio-8080-exec-8" daemon [_thread_blocked, id=6072, stack(0x000000001d7a0000,0x000000001d820000)]
  0x000000001b67d800 JavaThread "http-nio-8080-exec-7" daemon [_thread_blocked, id=4200, stack(0x000000001a140000,0x000000001a1c0000)]
  0x000000001b67f800 JavaThread "http-nio-8080-exec-6" daemon [_thread_blocked, id=11892, stack(0x000000001a0c0000,0x000000001a140000)]
  0x000000001b678000 JavaThread "http-nio-8080-exec-5" daemon [_thread_blocked, id=1712, stack(0x0000000019e40000,0x0000000019ec0000)]
  0x000000001b67b000 JavaThread "http-nio-8080-exec-4" daemon [_thread_blocked, id=11028, stack(0x0000000019dc0000,0x0000000019e40000)]
  0x000000001b677800 JavaThread "http-nio-8080-exec-3" daemon [_thread_blocked, id=1536, stack(0x0000000019d40000,0x0000000019dc0000)]
  0x000000001b679800 JavaThread "http-nio-8080-exec-2" daemon [_thread_blocked, id=7172, stack(0x0000000019bc0000,0x0000000019c40000)]
  0x000000001b67c800 JavaThread "http-nio-8080-exec-1" daemon [_thread_blocked, id=732, stack(0x0000000017b70000,0x0000000017bf0000)]
  0x000000001b67a800 JavaThread "File Watcher" daemon [_thread_blocked, id=15208, stack(0x00000000176f0000,0x0000000017770000)]
  0x000000001b67c000 JavaThread "Gax-19" daemon [_thread_blocked, id=9160, stack(0x0000000017670000,0x00000000176f0000)]
  0x000000001b673000 JavaThread "HikariPool-6 housekeeper" daemon [_thread_blocked, id=10744, stack(0x00000000025f0000,0x0000000002670000)]
  0x000000001b676800 JavaThread "container-0" [_thread_blocked, id=5196, stack(0x00000000023c0000,0x0000000002440000)]
  0x000000001b672000 JavaThread "Catalina-utility-2" [_thread_blocked, id=15784, stack(0x0000000002340000,0x00000000023c0000)]
  0x000000001b679000 JavaThread "Catalina-utility-1" [_thread_blocked, id=7288, stack(0x0000000000ab0000,0x0000000000b30000)]
  0x000000001b67e000 JavaThread "DestroyJavaVM" [_thread_blocked, id=14204, stack(0x0000000002560000,0x00000000025e0000)]
  0x000000001b674800 JavaThread "Live Reload Server" daemon [_thread_in_native, id=8812, stack(0x000000001df20000,0x000000001dfa0000)]
  0x0000000015939800 JavaThread "JMX server connection timeout 19" daemon [_thread_blocked, id=444, stack(0x00000000162c0000,0x0000000016340000)]
  0x0000000015934000 JavaThread "RMI TCP Connection(idle)" daemon [_thread_blocked, id=16000, stack(0x0000000016240000,0x00000000162c0000)]
  0x0000000015930000 JavaThread "RMI Scheduler(0)" daemon [_thread_blocked, id=9248, stack(0x00000000161c0000,0x0000000016240000)]
  0x00000000157f6800 JavaThread "RMI TCP Accept-0" daemon [_thread_in_native, id=13852, stack(0x0000000015e40000,0x0000000015ec0000)]
  0x00000000157a3000 JavaThread "RMI TCP Accept-60712" daemon [_thread_in_native, id=14612, stack(0x0000000015d40000,0x0000000015dc0000)]
  0x0000000015798800 JavaThread "RMI TCP Accept-0" daemon [_thread_in_native, id=15564, stack(0x0000000015cc0000,0x0000000015d40000)]
  0x0000000015585800 JavaThread "Service Thread" daemon [_thread_blocked, id=2468, stack(0x0000000015c40000,0x0000000015cc0000)]
  0x000000001557a000 JavaThread "C1 CompilerThread1" daemon [_thread_blocked, id=6736, stack(0x0000000015b40000,0x0000000015c40000)]
  0x0000000015574000 JavaThread "C2 CompilerThread0" daemon [_thread_blocked, id=5972, stack(0x0000000015a40000,0x0000000015b40000)]
  0x0000000013650000 JavaThread "JDWP Command Reader" daemon [_thread_in_native, id=8100, stack(0x0000000014dc0000,0x0000000014e40000)]
  0x000000001364e800 JavaThread "JDWP Event Helper Thread" daemon [_thread_blocked, id=564, stack(0x0000000014d40000,0x0000000014dc0000)]
=>0x000000001363f800 JavaThread "JDWP Transport Listener: dt_socket" daemon [_thread_in_vm, id=13732, stack(0x0000000014cc0000,0x0000000014d40000)]
  0x0000000013631800 JavaThread "Attach Listener" daemon [_thread_blocked, id=15952, stack(0x0000000014900000,0x0000000014980000)]
  0x0000000013630800 JavaThread "Signal Dispatcher" daemon [_thread_blocked, id=10200, stack(0x0000000014880000,0x0000000014900000)]
  0x00000000135f5000 JavaThread "Finalizer" daemon [_thread_blocked, id=6544, stack(0x0000000014800000,0x0000000014880000)]
  0x000000000288a000 JavaThread "Reference Handler" daemon [_thread_blocked, id=1096, stack(0x0000000014780000,0x0000000014800000)]

Other Threads:
  0x00000000135e7800 VMThread [stack: 0x0000000014680000,0x0000000014780000] [id=12348]
  0x0000000015881000 WatcherThread [stack: 0x0000000015ec0000,0x0000000015fc0000] [id=14292]

VM state:not at safepoint (normal execution)

VM Mutex/Monitor currently owned by a thread: None

Heap:
 PSYoungGen      total 75264K, used 67080K [0x00000000f9c00000, 0x0000000100000000, 0x0000000100000000)
  eden space 57344K, 90% used [0x00000000f9c00000,0x00000000fce83e70,0x00000000fd400000)
  from space 17920K, 85% used [0x00000000fee80000,0x00000000ffd7e458,0x0000000100000000)
  to   space 22528K, 0% used [0x00000000fd400000,0x00000000fd400000,0x00000000fea00000)
 ParOldGen       total 99840K, used 53921K [0x00000000ed400000, 0x00000000f3580000, 0x00000000f9c00000)
  object space 99840K, 54% used [0x00000000ed400000,0x00000000f08a8468,0x00000000f3580000)
 Metaspace       used 79621K, capacity 84530K, committed 84824K, reserved 1122304K
  class space    used 10947K, capacity 11799K, committed 11864K, reserved 1048576K

Card table byte_map: [0x0000000011de0000,0x0000000011e80000] byte_map_base: 0x0000000011676000

Marking Bits: (ParMarkBitMap*) 0x000000006f8d4040
 Begin Bits: [0x0000000012280000, 0x0000000012730000)
 End Bits:   [0x0000000012730000, 0x0000000012be0000)

Polling page: 0x0000000000d10000

CodeCache: size=245760Kb used=20552Kb max_used=20552Kb free=225207Kb
 bounds [0x0000000002a20000, 0x0000000003e40000, 0x0000000011a20000]
 total_blobs=11202 nmethods=10566 adapters=554
 compilation: enabled

Compilation events (10 events):
Event: 890.779 Thread 0x000000001557a000 10709       1       java.util.TreeSet::<init> (10 bytes)
Event: 890.780 Thread 0x000000001557a000 nmethod 10709 0x0000000003e31590 code [0x0000000003e316e0, 0x0000000003e31810]
Event: 900.934 Thread 0x000000001557a000 10710       1       com.zaxxer.hikari.HikariConfig::getMinimumIdle (5 bytes)
Event: 900.934 Thread 0x000000001557a000 nmethod 10710 0x0000000003e31890 code [0x0000000003e319e0, 0x0000000003e31af0]
Event: 910.469 Thread 0x000000001557a000 10712       1       java.io.ObjectStreamClass::writeNonProxy (161 bytes)
Event: 910.472 Thread 0x000000001557a000 nmethod 10712 0x0000000003e31b50 code [0x0000000003e31d80, 0x0000000003e324a8]
Event: 910.473 Thread 0x000000001557a000 10711       1       java.io.ObjectOutputStream::writeNonProxyDesc (109 bytes)
Event: 910.476 Thread 0x000000001557a000 nmethod 10711 0x0000000003e32f10 code [0x0000000003e33160, 0x0000000003e33798]
Event: 910.477 Thread 0x000000001557a000 10713       1       java.io.ObjectOutputStream::isCustomSubclass (21 bytes)
Event: 910.479 Thread 0x000000001557a000 nmethod 10713 0x0000000003e33f50 code [0x0000000003e34100, 0x0000000003e34558]

GC Heap History (10 events):
Event: 841.605 GC heap before
{Heap before GC invocations=70 (full 8):
 PSYoungGen      total 80384K, used 62640K [0x00000000f9c00000, 0x0000000100000000, 0x0000000100000000)
  eden space 60928K, 100% used [0x00000000f9c00000,0x00000000fd780000,0x00000000fd780000)
  from space 19456K, 8% used [0x00000000fd780000,0x00000000fd92c260,0x00000000fea80000)
  to   space 18944K, 0% used [0x00000000fed80000,0x00000000fed80000,0x0000000100000000)
 ParOldGen       total 99840K, used 28836K [0x00000000ed400000, 0x00000000f3580000, 0x00000000f9c00000)
  object space 99840K, 28% used [0x00000000ed400000,0x00000000ef0290d8,0x00000000f3580000)
 Metaspace       used 79220K, capacity 84018K, committed 84312K, reserved 1122304K
  class space    used 10913K, capacity 11777K, committed 11864K, reserved 1048576K
Event: 841.611 GC heap after
Heap after GC invocations=70 (full 8):
 PSYoungGen      total 80384K, used 2971K [0x00000000f9c00000, 0x00000000ffd80000, 0x0000000100000000)
  eden space 64000K, 0% used [0x00000000f9c00000,0x00000000f9c00000,0x00000000fda80000)
  from space 16384K, 18% used [0x00000000fed80000,0x00000000ff066cc0,0x00000000ffd80000)
  to   space 17920K, 0% used [0x00000000fda80000,0x00000000fda80000,0x00000000fec00000)
 ParOldGen       total 99840K, used 30116K [0x00000000ed400000, 0x00000000f3580000, 0x00000000f9c00000)
  object space 99840K, 30% used [0x00000000ed400000,0x00000000ef1690d8,0x00000000f3580000)
 Metaspace       used 79220K, capacity 84018K, committed 84312K, reserved 1122304K
  class space    used 10913K, capacity 11777K, committed 11864K, reserved 1048576K
}
Event: 842.038 GC heap before
{Heap before GC invocations=71 (full 8):
 PSYoungGen      total 80384K, used 66971K [0x00000000f9c00000, 0x00000000ffd80000, 0x0000000100000000)
  eden space 64000K, 100% used [0x00000000f9c00000,0x00000000fda80000,0x00000000fda80000)
  from space 16384K, 18% used [0x00000000fed80000,0x00000000ff066cc0,0x00000000ffd80000)
  to   space 17920K, 0% used [0x00000000fda80000,0x00000000fda80000,0x00000000fec00000)
 ParOldGen       total 99840K, used 30116K [0x00000000ed400000, 0x00000000f3580000, 0x00000000f9c00000)
  object space 99840K, 30% used [0x00000000ed400000,0x00000000ef1690d8,0x00000000f3580000)
 Metaspace       used 79578K, capacity 84436K, committed 84568K, reserved 1122304K
  class space    used 10940K, capacity 11794K, committed 11864K, reserved 1048576K
Event: 842.048 GC heap after
Heap after GC invocations=71 (full 8):
 PSYoungGen      total 81920K, used 6237K [0x00000000f9c00000, 0x00000000fff80000, 0x0000000100000000)
  eden space 64000K, 0% used [0x00000000f9c00000,0x00000000f9c00000,0x00000000fda80000)
  from space 17920K, 34% used [0x00000000fda80000,0x00000000fe0977f8,0x00000000fec00000)
  to   space 16896K, 0% used [0x00000000fef00000,0x00000000fef00000,0x00000000fff80000)
 ParOldGen       total 99840K, used 32661K [0x00000000ed400000, 0x00000000f3580000, 0x00000000f9c00000)
  object space 99840K, 32% used [0x00000000ed400000,0x00000000ef3e54d0,0x00000000f3580000)
 Metaspace       used 79578K, capacity 84436K, committed 84568K, reserved 1122304K
  class space    used 10940K, capacity 11794K, committed 11864K, reserved 1048576K
}
Event: 842.139 GC heap before
{Heap before GC invocations=72 (full 8):
 PSYoungGen      total 81920K, used 69949K [0x00000000f9c00000, 0x00000000fff80000, 0x0000000100000000)
  eden space 64000K, 99% used [0x00000000f9c00000,0x00000000fda37fd0,0x00000000fda80000)
  from space 17920K, 34% used [0x00000000fda80000,0x00000000fe0977f8,0x00000000fec00000)
  to   space 16896K, 0% used [0x00000000fef00000,0x00000000fef00000,0x00000000fff80000)
 ParOldGen       total 99840K, used 32661K [0x00000000ed400000, 0x00000000f3580000, 0x00000000f9c00000)
  object space 99840K, 32% used [0x00000000ed400000,0x00000000ef3e54d0,0x00000000f3580000)
 Metaspace       used 79578K, capacity 84436K, committed 84568K, reserved 1122304K
  class space    used 10940K, capacity 11794K, committed 11864K, reserved 1048576K
Event: 842.145 GC heap after
Heap after GC invocations=72 (full 8):
 PSYoungGen      total 83968K, used 640K [0x00000000f9c00000, 0x00000000fff00000, 0x0000000100000000)
  eden space 67584K, 0% used [0x00000000f9c00000,0x00000000f9c00000,0x00000000fde00000)
  from space 16384K, 3% used [0x00000000fef00000,0x00000000fefa0000,0x00000000fff00000)
  to   space 16896K, 0% used [0x00000000fde00000,0x00000000fde00000,0x00000000fee80000)
 ParOldGen       total 99840K, used 35325K [0x00000000ed400000, 0x00000000f3580000, 0x00000000f9c00000)
  object space 99840K, 35% used [0x00000000ed400000,0x00000000ef67f710,0x00000000f3580000)
 Metaspace       used 79578K, capacity 84436K, committed 84568K, reserved 1122304K
  class space    used 10940K, capacity 11794K, committed 11864K, reserved 1048576K
}
Event: 842.270 GC heap before
{Heap before GC invocations=73 (full 8):
 PSYoungGen      total 83968K, used 68224K [0x00000000f9c00000, 0x00000000fff00000, 0x0000000100000000)
  eden space 67584K, 100% used [0x00000000f9c00000,0x00000000fde00000,0x00000000fde00000)
  from space 16384K, 3% used [0x00000000fef00000,0x00000000fefa0000,0x00000000fff00000)
  to   space 16896K, 0% used [0x00000000fde00000,0x00000000fde00000,0x00000000fee80000)
 ParOldGen       total 99840K, used 35325K [0x00000000ed400000, 0x00000000f3580000, 0x00000000f9c00000)
  object space 99840K, 35% used [0x00000000ed400000,0x00000000ef67f710,0x00000000f3580000)
 Metaspace       used 79578K, capacity 84436K, committed 84568K, reserved 1122304K
  class space    used 10940K, capacity 11794K, committed 11864K, reserved 1048576K
Event: 842.299 GC heap after
Heap after GC invocations=73 (full 8):
 PSYoungGen      total 84480K, used 16877K [0x00000000f9c00000, 0x0000000100000000, 0x0000000100000000)
  eden space 67584K, 0% used [0x00000000f9c00000,0x00000000f9c00000,0x00000000fde00000)
  from space 16896K, 99% used [0x00000000fde00000,0x00000000fee7b550,0x00000000fee80000)
  to   space 17920K, 0% used [0x00000000fee80000,0x00000000fee80000,0x0000000100000000)
 ParOldGen       total 99840K, used 36994K [0x00000000ed400000, 0x00000000f3580000, 0x00000000f9c00000)
  object space 99840K, 37% used [0x00000000ed400000,0x00000000ef8208e0,0x00000000f3580000)
 Metaspace       used 79578K, capacity 84436K, committed 84568K, reserved 1122304K
  class space    used 10940K, capacity 11794K, committed 11864K, reserved 1048576K
}
Event: 842.440 GC heap before
{Heap before GC invocations=74 (full 8):
 PSYoungGen      total 84480K, used 84461K [0x00000000f9c00000, 0x0000000100000000, 0x0000000100000000)
  eden space 67584K, 100% used [0x00000000f9c00000,0x00000000fde00000,0x00000000fde00000)
  from space 16896K, 99% used [0x00000000fde00000,0x00000000fee7b550,0x00000000fee80000)
  to   space 17920K, 0% used [0x00000000fee80000,0x00000000fee80000,0x0000000100000000)
 ParOldGen       total 99840K, used 36994K [0x00000000ed400000, 0x00000000f3580000, 0x00000000f9c00000)
  object space 99840K, 37% used [0x00000000ed400000,0x00000000ef8208e0,0x00000000f3580000)
 Metaspace       used 79578K, capacity 84436K, committed 84568K, reserved 1122304K
  class space    used 10940K, capacity 11794K, committed 11864K, reserved 1048576K
Event: 842.470 GC heap after
Heap after GC invocations=74 (full 8):
 PSYoungGen      total 75264K, used 15353K [0x00000000f9c00000, 0x0000000100000000, 0x0000000100000000)
  eden space 57344K, 0% used [0x00000000f9c00000,0x00000000f9c00000,0x00000000fd400000)
  from space 17920K, 85% used [0x00000000fee80000,0x00000000ffd7e458,0x0000000100000000)
  to   space 22528K, 0% used [0x00000000fd400000,0x00000000fd400000,0x00000000fea00000)
 ParOldGen       total 99840K, used 53921K [0x00000000ed400000, 0x00000000f3580000, 0x00000000f9c00000)
  object space 99840K, 54% used [0x00000000ed400000,0x00000000f08a8468,0x00000000f3580000)
 Metaspace       used 79578K, capacity 84436K, committed 84568K, reserved 1122304K
  class space    used 10940K, capacity 11794K, committed 11864K, reserved 1048576K
}

Deoptimization events (0 events):
No events

Internal exceptions (10 events):
Event: 842.722 Thread 0x000000001b673800 Exception <a 'java/lang/ClassNotFoundException': br/unirio/kipao/model/AbstractEntityCustomizer> (0x00000000fbd0dff0) thrown at [D:\re\workspace\8-2-build-windows-amd64-cygwin\jdk8u40\3098\hotspot\src\share\vm\classfile\systemDictionary.cpp, line 210]
Event: 842.723 Thread 0x000000001b673800 Exception <a 'java/lang/ClassNotFoundException': br/unirio/kipao/model/PersonalizationCustomizer> (0x00000000fbd34758) thrown at [D:\re\workspace\8-2-build-windows-amd64-cygwin\jdk8u40\3098\hotspot\src\share\vm\classfile\systemDictionary.cpp, line 210]
Event: 842.729 Thread 0x000000001b673800 Exception <a 'java/lang/ClassNotFoundException': java/lang/ObjectCustomizer> (0x00000000fbd561b8) thrown at [D:\re\workspace\8-2-build-windows-amd64-cygwin\jdk8u40\3098\hotspot\src\share\vm\classfile\systemDictionary.cpp, line 210]
Event: 842.730 Thread 0x000000001b673800 Exception <a 'java/lang/ClassNotFoundException': br/unirio/kipao/model/AbstractEntityCustomizer> (0x00000000fbd7b408) thrown at [D:\re\workspace\8-2-build-windows-amd64-cygwin\jdk8u40\3098\hotspot\src\share\vm\classfile\systemDictionary.cpp, line 210]
Event: 842.731 Thread 0x000000001b673800 Exception <a 'java/lang/ClassNotFoundException': br/unirio/kipao/model/PersonalizationOptionCustomizer> (0x00000000fbda4cd8) thrown at [D:\re\workspace\8-2-build-windows-amd64-cygwin\jdk8u40\3098\hotspot\src\share\vm\classfile\systemDictionary.cpp, line 21
Event: 842.735 Thread 0x000000001b673800 Exception <a 'java/lang/ClassNotFoundException': java/lang/ObjectCustomizer> (0x00000000fbdc2f28) thrown at [D:\re\workspace\8-2-build-windows-amd64-cygwin\jdk8u40\3098\hotspot\src\share\vm\classfile\systemDictionary.cpp, line 210]
Event: 842.736 Thread 0x000000001b673800 Exception <a 'java/lang/ClassNotFoundException': br/unirio/kipao/model/AbstractEntityCustomizer> (0x00000000fbde8300) thrown at [D:\re\workspace\8-2-build-windows-amd64-cygwin\jdk8u40\3098\hotspot\src\share\vm\classfile\systemDictionary.cpp, line 210]
Event: 842.737 Thread 0x000000001b673800 Exception <a 'java/lang/ClassNotFoundException': br/unirio/kipao/model/OrderCustomizer> (0x00000000fbe0a6c0) thrown at [D:\re\workspace\8-2-build-windows-amd64-cygwin\jdk8u40\3098\hotspot\src\share\vm\classfile\systemDictionary.cpp, line 210]
Event: 842.738 Thread 0x000000001b673800 Exception <a 'java/lang/ClassNotFoundException': br/unirio/kipao/model/OrderPickupCustomizer> (0x00000000fbe3e1c8) thrown at [D:\re\workspace\8-2-build-windows-amd64-cygwin\jdk8u40\3098\hotspot\src\share\vm\classfile\systemDictionary.cpp, line 210]
Event: 910.469 Thread 0x0000000015934000 Exception <a 'java/lang/NoSuchMethodError': <clinit>> (0x00000000fc66b530) thrown at [D:\re\workspace\8-2-build-windows-amd64-cygwin\jdk8u40\3098\hotspot\src\share\vm\prims\jni.cpp, line 1598]

Events (10 events):
Event: 910.468 Thread 0x0000000015934000 DEOPT PACKING pc=0x0000000003508164 sp=0x00000000162bb520
Event: 910.468 Thread 0x0000000015934000 DEOPT UNPACKING pc=0x0000000002a6787f sp=0x00000000162bb2d8 mode 1
Event: 910.468 Thread 0x0000000015934000 DEOPT PACKING pc=0x0000000003508164 sp=0x00000000162bb520
Event: 910.468 Thread 0x0000000015934000 DEOPT UNPACKING pc=0x0000000002a6787f sp=0x00000000162bb2d8 mode 1
Event: 910.468 Thread 0x0000000015934000 DEOPT PACKING pc=0x0000000003508164 sp=0x00000000162bb520
Event: 910.468 Thread 0x0000000015934000 DEOPT UNPACKING pc=0x0000000002a6787f sp=0x00000000162bb2d8 mode 1
Event: 910.468 Thread 0x0000000015934000 DEOPT PACKING pc=0x0000000003508164 sp=0x00000000162bb520
Event: 910.468 Thread 0x0000000015934000 DEOPT UNPACKING pc=0x0000000002a6787f sp=0x00000000162bb2d8 mode 1
Event: 992.602 Executing VM operation: RedefineClasses
Event: 992.851 Executing VM operation: RedefineClasses done


Dynamic libraries:
0x00007ff656f60000 - 0x00007ff656f97000 	F:\Programas\Java\jdk1.8.0_40\bin\javaw.exe
0x00007ffd67410000 - 0x00007ffd67605000 	C:\Windows\SYSTEM32\ntdll.dll
0x00007ffd659d0000 - 0x00007ffd65a8d000 	C:\Windows\System32\KERNEL32.DLL
0x00007ffd64c50000 - 0x00007ffd64f19000 	C:\Windows\System32\KERNELBASE.dll
0x00007ffd65ca0000 - 0x00007ffd65d4c000 	C:\Windows\System32\ADVAPI32.dll
0x00007ffd65b70000 - 0x00007ffd65c0e000 	C:\Windows\System32\msvcrt.dll
0x00007ffd65ad0000 - 0x00007ffd65b6b000 	C:\Windows\System32\sechost.dll
0x00007ffd65fa0000 - 0x00007ffd660ca000 	C:\Windows\System32\RPCRT4.dll
0x00007ffd66220000 - 0x00007ffd663c0000 	C:\Windows\System32\USER32.dll
0x00007ffd65080000 - 0x00007ffd650a2000 	C:\Windows\System32\win32u.dll
0x00007ffd65a90000 - 0x00007ffd65aba000 	C:\Windows\System32\GDI32.dll
0x00007ffd650e0000 - 0x00007ffd651eb000 	C:\Windows\System32\gdi32full.dll
0x00007ffd653e0000 - 0x00007ffd6547d000 	C:\Windows\System32\msvcp_win.dll
0x00007ffd651f0000 - 0x00007ffd652f0000 	C:\Windows\System32\ucrtbase.dll
0x00007ffd51ab0000 - 0x00007ffd51d4a000 	C:\Windows\WinSxS\amd64_microsoft.windows.common-controls_6595b64144ccf1df_6.0.19041.1110_none_60b5254171f9507e\COMCTL32.dll
0x00007ffd66730000 - 0x00007ffd66760000 	C:\Windows\System32\IMM32.DLL
0x000000006f960000 - 0x000000006fa32000 	F:\Programas\Java\jdk1.8.0_40\jre\bin\msvcr100.dll
0x000000006f0d0000 - 0x000000006f953000 	F:\Programas\Java\jdk1.8.0_40\jre\bin\server\jvm.dll
0x00007ffd65ac0000 - 0x00007ffd65ac8000 	C:\Windows\System32\PSAPI.DLL
0x00007ffd608e0000 - 0x00007ffd608e9000 	C:\Windows\SYSTEM32\WSOCK32.dll
0x00007ffd67080000 - 0x00007ffd670eb000 	C:\Windows\System32\WS2_32.dll
0x00007ffd5dbd0000 - 0x00007ffd5dbf7000 	C:\Windows\SYSTEM32\WINMM.dll
0x00007ffd5ec50000 - 0x00007ffd5ec5a000 	C:\Windows\SYSTEM32\VERSION.dll
0x000000006f0c0000 - 0x000000006f0cf000 	F:\Programas\Java\jdk1.8.0_40\jre\bin\verify.dll
0x000000006f090000 - 0x000000006f0b9000 	F:\Programas\Java\jdk1.8.0_40\jre\bin\java.dll
0x000000006f050000 - 0x000000006f085000 	F:\Programas\Java\jdk1.8.0_40\jre\bin\jdwp.dll
0x000000006f040000 - 0x000000006f048000 	F:\Programas\Java\jdk1.8.0_40\jre\bin\npt.dll
0x000000006f010000 - 0x000000006f033000 	F:\Programas\Java\jdk1.8.0_40\jre\bin\instrument.dll
0x000000006eff0000 - 0x000000006f006000 	F:\Programas\Java\jdk1.8.0_40\jre\bin\zip.dll
0x00007ffd667c0000 - 0x00007ffd66eff000 	C:\Windows\System32\SHELL32.dll
0x00007ffd62ca0000 - 0x00007ffd63431000 	C:\Windows\SYSTEM32\windows.storage.dll
0x00007ffd663d0000 - 0x00007ffd66725000 	C:\Windows\System32\combase.dll
0x00007ffd645c0000 - 0x00007ffd645ec000 	C:\Windows\SYSTEM32\Wldp.dll
0x00007ffd65d50000 - 0x00007ffd65dfe000 	C:\Windows\System32\SHCORE.dll
0x00007ffd66f00000 - 0x00007ffd66f55000 	C:\Windows\System32\shlwapi.dll
0x00007ffd64a90000 - 0x00007ffd64aaf000 	C:\Windows\SYSTEM32\profapi.dll
0x000000006e770000 - 0x000000006e779000 	F:\Programas\Java\jdk1.8.0_40\jre\bin\dt_socket.dll
0x00007ffd4d4c0000 - 0x00007ffd4d4d7000 	C:\Windows\system32\napinsp.dll
0x00007ffd4d490000 - 0x00007ffd4d4ab000 	C:\Windows\system32\pnrpnsp.dll
0x00007ffd4d050000 - 0x00007ffd4d065000 	C:\Windows\system32\wshbth.dll
0x00007ffd60760000 - 0x00007ffd6077d000 	C:\Windows\system32\NLAapi.dll
0x00007ffd63fc0000 - 0x00007ffd63ffb000 	C:\Windows\SYSTEM32\IPHLPAPI.DLL
0x00007ffd64320000 - 0x00007ffd6438a000 	C:\Windows\System32\mswsock.dll
0x00007ffd64010000 - 0x00007ffd640dc000 	C:\Windows\SYSTEM32\DNSAPI.dll
0x00007ffd663c0000 - 0x00007ffd663c8000 	C:\Windows\System32\NSI.dll
0x00007ffd4d030000 - 0x00007ffd4d042000 	C:\Windows\System32\winrnr.dll
0x00007ffd54be0000 - 0x00007ffd54c5f000 	C:\Windows\System32\fwpuclnt.dll
0x00007ffd650b0000 - 0x00007ffd650d7000 	C:\Windows\System32\bcrypt.dll
0x00007ffd54d50000 - 0x00007ffd54d5a000 	C:\Windows\System32\rasadhlp.dll
0x000000006e760000 - 0x000000006e76d000 	F:\Programas\Java\jdk1.8.0_40\jre\bin\management.dll
0x000000006e740000 - 0x000000006e75a000 	F:\Programas\Java\jdk1.8.0_40\jre\bin\net.dll
0x000000006e720000 - 0x000000006e731000 	F:\Programas\Java\jdk1.8.0_40\jre\bin\nio.dll
0x00007ffd64500000 - 0x00007ffd64518000 	C:\Windows\SYSTEM32\CRYPTSP.dll
0x00007ffd63c50000 - 0x00007ffd63c84000 	C:\Windows\system32\rsaenh.dll
0x00007ffd64a50000 - 0x00007ffd64a7e000 	C:\Windows\SYSTEM32\USERENV.dll
0x00007ffd65350000 - 0x00007ffd653d3000 	C:\Windows\System32\bcryptprimitives.dll
0x00007ffd64520000 - 0x00007ffd6452c000 	C:\Windows\SYSTEM32\CRYPTBASE.dll
0x00007ffd5f100000 - 0x00007ffd5f117000 	C:\Windows\SYSTEM32\dhcpcsvc6.DLL
0x00007ffd5f070000 - 0x00007ffd5f08d000 	C:\Windows\SYSTEM32\dhcpcsvc.DLL
0x000000006e6f0000 - 0x000000006e714000 	F:\Programas\Java\jdk1.8.0_40\jre\bin\sunec.dll
0x00007ffd1c130000 - 0x00007ffd1c389000 	C:\Users\Walter Filho\AppData\Local\Temp\io_grpc_netty_shaded_netty_tcnative_windows_x86_643730493041622872344.dll
0x00007ffd4e750000 - 0x00007ffd4e934000 	C:\Windows\SYSTEM32\dbghelp.dll

VM Arguments:
jvm_args: -agentlib:jdwp=transport=dt_socket,suspend=y,address=localhost:60713 -Dcom.sun.management.jmxremote -Dcom.sun.management.jmxremote.port=60712 -Dcom.sun.management.jmxremote.authenticate=false -Dcom.sun.management.jmxremote.ssl=false -Djava.rmi.server.hostname=localhost -Dspring.jmx.enabled=true -Dspring.application.admin.enabled=true -Xmx300m -Xss512k -XX:CICompilerCount=2 -Dfile.encoding=UTF-8 -XX:TieredStopAtLevel=1 -Dspring.boot.project.name=kipao -javaagent:C:\Users\Walter Filho\.eclipse\org.eclipse.platform_4.20.0_1991463658_win32_win32_x86_64\configuration\org.eclipse.osgi\258\0\.cp\lib\javaagent-shaded.jar 
java_command: br.unirio.kipao.KipaoApplication --spring.output.ansi.enabled=always
java_class_path (initial): F:\projetos\kipao\bin\main;C:\Users\Walter Filho\.gradle\caches\modules-2\files-2.1\org.projectlombok\lombok\1.18.20\18bcea7d5df4d49227b4a0743a536208ce4825bb\lombok-1.18.20.jar;C:\Users\Walter Filho\.gradle\caches\modules-2\files-2.1\org.springframework.boot\spring-boot-starter-data-jpa\2.5.2\5038e48790990bc137c9a7e1cd97901a1350eb37\spring-boot-starter-data-jpa-2.5.2.jar;C:\Users\Walter Filho\.gradle\caches\modules-2\files-2.1\org.springframework.boot\spring-boot-starter-security\2.5.2\5830a0f1dbff35089757b888a0209b90985e033a\spring-boot-starter-security-2.5.2.jar;C:\Users\Walter Filho\.gradle\caches\modules-2\files-2.1\org.springframework.boot\spring-boot-starter-web\2.5.2\9d68318f6607728e253030aa145e529bae9b0883\spring-boot-starter-web-2.5.2.jar;C:\Users\Walter Filho\.gradle\caches\modules-2\files-2.1\com.google.firebase\firebase-admin\8.0.0\668299d55f65e99a89d066c819d47de9c8cdda37\firebase-admin-8.0.0.jar;C:\Users\Walter Filho\.gradle\caches\modules-2\files-2.1\org.springdoc\springdoc-openapi-ui\1.5.9\d0909fc1e8a271a9981923e81b3cc7d4319c0869\springdoc-openapi-ui-1.5.9.jar;C:\Users\Walter Filho\.gradle\caches\modules-2\files-2.1\org.springframework.boot\spring-boot-starter-aop\2.5.2\1877448bb875154c2558e385f4590c648ada5f11\spring-boot-starter-aop-2.5.2.jar;C:\Users\Walter Filho\.gradle\caches\modules-2\files-2.1\org.springframework.boot\spring-boot-starter-jdbc\2.5.2\de9142ad6a67d2ec7d58465ab8d2fcf759f24d25\spring-boot-starter-jdbc-2.5.2.jar;C:\Users\Walter Filho\.gradle\caches\modules-2\files-2.1\jakarta.transaction\jakarta.transaction-api\1.3.3\c4179d48720a1e87202115fbed6089bdc4195405\jakarta.transaction-api-1.3.3.jar;C:\Users\Walter Filho\.gradle\caches\modules-2\files-2.1\jakarta.persistence\jakarta.persistence-api\2.2.3\8f6ea5daedc614f07a3654a455660145286f024e\jakarta.persistence-api-2.2.3.jar;C:\Users\Walter Filho\.gradle\caches\modules-2\files-2.1\org.hibernate\hibernate-core\5.4.32.Final\99a5e10bf455337014c190e141ec631e9ff71663
Launcher Type: SUN_STANDARD

Environment Variables:
PATH=F:\Programas\Java\jdk1.8.0_40\jre\bin;C:/Program Files/sts-4.11.0.RELEASE//plugins/org.eclipse.justj.openjdk.hotspot.jre.full.win32.x86_64_16.0.1.v20210528-1205/jre/bin/server;C:/Program Files/sts-4.11.0.RELEASE//plugins/org.eclipse.justj.openjdk.hotspot.jre.full.win32.x86_64_16.0.1.v20210528-1205/jre/bin;C:\Python39\Scripts\;C:\Python39\;C:\Program Files\Common Files\Oracle\Java\javapath;C:\Windows\system32;C:\Windows;C:\Windows\System32\Wbem;C:\Windows\System32\WindowsPowerShell\v1.0\;C:\Windows\System32\OpenSSH\;C:\Program Files\NVIDIA Corporation\NVIDIA NvDLISR;C:\Program Files (x86)\NVIDIA Corporation\PhysX\Common;C:\Program Files\Git\cmd;C:\Program Files\nodejs\;C:\ProgramData\chocolatey\bin;C:\Users\Walter Filho\AppData\Local\Microsoft\WindowsApps;C:\Users\Walter Filho\AppData\Local\GitHubDesktop\bin;C:\Program Files\heroku\bin;C:\Users\Walter Filho\AppData\Roaming\npm;C:\Program Files\sts-4.11.0.RELEASE;
USERNAME=Walter Filho
OS=Windows_NT
PROCESSOR_IDENTIFIER=Intel64 Family 6 Model 60 Stepping 3, GenuineIntel



---------------  S Y S T E M  ---------------

OS: Windows 10.0 , 64 bit Build 19041 (10.0.19041.1023)

CPU:total 4 (4 cores per cpu, 1 threads per core) family 6 model 60 stepping 3, cmov, cx8, fxsr, mmx, sse, sse2, sse3, ssse3, sse4.1, sse4.2, popcnt, avx, avx2, aes, clmul, erms, lzcnt, tsc, tscinvbit, bmi1, bmi2

Memory: 4k page, physical 8285548k(2272432k free), swap 12741996k(2294492k free)

vm_info: Java HotSpot(TM) 64-Bit Server VM (25.40-b25) for windows-amd64 JRE (1.8.0_40-b26), built on Mar  7 2015 13:51:59 by "java_re" with MS VC++ 10.0 (VS2010)

time: Sat Jul 24 15:16:01 2021
elapsed time: 992 seconds (0d 0h 16m 32s)

